<?xml version="1.0" encoding="UTF-8"?>
<testsuite xmlns:xsi="http://www.w3.org/2001/XMLSchema-instance" xsi:noNamespaceSchemaLocation="https://maven.apache.org/surefire/maven-surefire-plugin/xsd/surefire-test-report.xsd" version="3.0.2" name="src.controller.ShoppingCartControllerTest" time="0.096" tests="3" errors="0" skipped="0" failures="0">
  <properties>
[...]
</properties>
  <testcase name="testGetShoppingCartEntries_ReturnsListOfShoppingCartEntries" classname="src.controller.ShoppingCartControllerTest" time="0.072"/>
  <testcase name="testGetShoppingCartEntries_HandlesNullEmailFromAuthController" classname="src.controller.ShoppingCartControllerTest" time="0.005"/>
  <testcase name="testGetShoppingCartEntries_ReturnsEmptyListIfNoEntries" classname="src.controller.ShoppingCartControllerTest" time="0.008"/>
</testsuite>